  [1m[35m (390.4ms)[0m  [1m[35mCREATE DATABASE "pedidoapp_development" ENCODING = 'unicode'[0m
  [1m[35m (88.9ms)[0m  [1m[35mCREATE DATABASE "pedidoapp_test" ENCODING = 'unicode'[0m
  [1m[35m (26.8ms)[0m  [1m[35mCREATE TABLE "schema_migrations" ("version" character varying NOT NULL PRIMARY KEY)[0m
  [1m[35m (14.8ms)[0m  [1m[35mCREATE TABLE "ar_internal_metadata" ("key" character varying NOT NULL PRIMARY KEY, "value" character varying, "created_at" timestamp(6) NOT NULL, "updated_at" timestamp(6) NOT NULL)[0m
  [1m[35m (2.1ms)[0m  [1m[34mSELECT pg_try_advisory_lock(337687402065808410)[0m
  [1m[35m (1.5ms)[0m  [1m[34mSELECT "schema_migrations"."version" FROM "schema_migrations" ORDER BY "schema_migrations"."version" ASC[0m
Migrating to CreatePedidos (20240602172817)
  [1m[36mTRANSACTION (2.2ms)[0m  [1m[35mBEGIN[0m
  [1m[35m (15.9ms)[0m  [1m[35mCREATE TABLE "pedidos" ("id" bigserial primary key, "data_hora" timestamp, "numero_nota_fiscal" character varying, "valor_frete" decimal, "valor_desconto" decimal, "valor_total" decimal, "created_at" timestamp(6) NOT NULL, "updated_at" timestamp(6) NOT NULL)[0m
  [1m[36mActiveRecord::SchemaMigration Create (1.0ms)[0m  [1m[32mINSERT INTO "schema_migrations" ("version") VALUES ($1) RETURNING "version"[0m  [["version", "20240602172817"]]
  [1m[36mTRANSACTION (10.4ms)[0m  [1m[35mCOMMIT[0m
Migrating to CreateItemPedidos (20240602172834)
  [1m[36mTRANSACTION (0.4ms)[0m  [1m[35mBEGIN[0m
  [1m[35m (16.1ms)[0m  [1m[35mCREATE TABLE "item_pedidos" ("id" bigserial primary key, "pedido_id" bigint NOT NULL, "nome" character varying, "quantidade" integer, "preco" decimal, "created_at" timestamp(6) NOT NULL, "updated_at" timestamp(6) NOT NULL, CONSTRAINT "fk_rails_533d4be7f7"
FOREIGN KEY ("pedido_id")
  REFERENCES "pedidos" ("id")
)[0m
  [1m[35m (3.3ms)[0m  [1m[35mCREATE INDEX "index_item_pedidos_on_pedido_id" ON "item_pedidos" ("pedido_id")[0m
  [1m[36mActiveRecord::SchemaMigration Create (0.7ms)[0m  [1m[32mINSERT INTO "schema_migrations" ("version") VALUES ($1) RETURNING "version"[0m  [["version", "20240602172834"]]
  [1m[36mTRANSACTION (1.5ms)[0m  [1m[35mCOMMIT[0m
  [1m[36mActiveRecord::InternalMetadata Load (1.0ms)[0m  [1m[34mSELECT "ar_internal_metadata".* FROM "ar_internal_metadata" WHERE "ar_internal_metadata"."key" = $1 LIMIT $2[0m  [["key", "environment"], ["LIMIT", 1]]
  [1m[36mTRANSACTION (0.3ms)[0m  [1m[35mBEGIN[0m
  [1m[36mActiveRecord::InternalMetadata Create (0.9ms)[0m  [1m[32mINSERT INTO "ar_internal_metadata" ("key", "value", "created_at", "updated_at") VALUES ($1, $2, $3, $4) RETURNING "key"[0m  [["key", "environment"], ["value", "development"], ["created_at", "2024-06-02 17:35:47.491624"], ["updated_at", "2024-06-02 17:35:47.491624"]]
  [1m[36mTRANSACTION (1.5ms)[0m  [1m[35mCOMMIT[0m
  [1m[35m (0.5ms)[0m  [1m[34mSELECT pg_advisory_unlock(337687402065808410)[0m
  [1m[35m (1.0ms)[0m  [1m[34mSELECT "schema_migrations"."version" FROM "schema_migrations" ORDER BY "schema_migrations"."version" ASC[0m
Started GET "/" for 127.0.0.1 at 2024-06-02 14:49:06 -0300
  [1m[35m (1.3ms)[0m  [1m[34mSELECT "schema_migrations"."version" FROM "schema_migrations" ORDER BY "schema_migrations"."version" ASC[0m
Processing by PedidosController#index as HTML
  Rendering layout layouts/application.html.erb
  Rendering pedidos/index.html.erb within layouts/application
  [1m[36mPedido Load (1.3ms)[0m  [1m[34mSELECT "pedidos".* FROM "pedidos"[0m
  ↳ app/views/pedidos/index.html.erb:16
  Rendered pedidos/index.html.erb within layouts/application (Duration: 9.4ms | Allocations: 1529)
[Webpacker] Compiling...
[Webpacker] Compilation failed:
/usr/bin/ruby3.2: No such file or directory -- ./bin/webpack (LoadError)

  Rendered layout layouts/application.html.erb (Duration: 634.7ms | Allocations: 282948)
Completed 500 Internal Server Error in 814ms (ActiveRecord: 1.3ms | Allocations: 289435)


  
ActionView::Template::Error (Webpacker can't find application.js in /home/user/Documentos/rails/RubyOnRailsPostGreSql/PedidoApp/public/packs/manifest.json. Possible causes:
1. You want to set webpacker.yml value of compile to true for your environment
   unless you are using the `webpack -w` or the webpack-dev-server.
2. webpack has not yet re-run to reflect updates.
3. You have misconfigured Webpacker's config/webpacker.yml file.
4. Your webpack configuration is not creating a manifest.
Your manifest contains:
{
}
):
     7:     <%= csp_meta_tag %>
     8: 
     9:     <%= stylesheet_link_tag 'application', media: 'all', 'data-turbolinks-track': 'reload' %>
    10:     <%= javascript_pack_tag 'application', 'data-turbolinks-track': 'reload' %>
    11:   </head>
    12: 
    13:   <body>
  
app/views/layouts/application.html.erb:10
Started GET "/" for 127.0.0.1 at 2024-06-02 14:52:25 -0300
Processing by PedidosController#index as HTML
  Rendering layout layouts/application.html.erb
  Rendering pedidos/index.html.erb within layouts/application
  [1m[36mPedido Load (0.6ms)[0m  [1m[34mSELECT "pedidos".* FROM "pedidos"[0m
  ↳ app/views/pedidos/index.html.erb:16
  Rendered pedidos/index.html.erb within layouts/application (Duration: 6.8ms | Allocations: 893)
  Rendered layout layouts/application.html.erb (Duration: 18.2ms | Allocations: 3574)
Completed 200 OK in 26ms (Views: 23.5ms | ActiveRecord: 0.6ms | Allocations: 4754)


Started GET "/pedidos/new" for 127.0.0.1 at 2024-06-02 14:52:27 -0300
Processing by PedidosController#new as HTML
Completed 500 Internal Server Error in 166ms (ActiveRecord: 12.2ms | Allocations: 23836)


  
NameError (uninitialized constant Pedido::ItensPedido):
  
app/controllers/pedidos_controller.rb:13:in `new'
Started GET "/pedidos/new" for 127.0.0.1 at 2024-06-02 14:52:47 -0300
Processing by PedidosController#new as HTML
Completed 500 Internal Server Error in 2ms (ActiveRecord: 0.0ms | Allocations: 1214)


  
NameError (uninitialized constant Pedido::ItensPedido):
  
app/controllers/pedidos_controller.rb:13:in `new'
Started GET "/pedidos/new" for 127.0.0.1 at 2024-06-02 14:53:04 -0300
Processing by PedidosController#new as HTML
Completed 500 Internal Server Error in 2ms (ActiveRecord: 0.0ms | Allocations: 1221)


  
NameError (uninitialized constant Pedido::ItensPedido):
  
app/controllers/pedidos_controller.rb:13:in `new'
Started GET "/pedidos/new" for 127.0.0.1 at 2024-06-02 14:54:43 -0300
Processing by PedidosController#new as HTML
  Rendering layout layouts/application.html.erb
  Rendering pedidos/new.html.erb within layouts/application
  Rendered pedidos/new.html.erb within layouts/application (Duration: 59.4ms | Allocations: 12676)
  Rendered layout layouts/application.html.erb (Duration: 59.8ms | Allocations: 12757)
Completed 500 Internal Server Error in 93ms (ActiveRecord: 7.8ms | Allocations: 18314)


  
ActionView::Template::Error (uninitialized constant Pedido::ItensPedido):
    39:   </div>
    40: 
    41:   <h3>Itens do Pedido</h3>
    42:   <%= form.fields_for :itens_pedido do |item_form| %>
    43:     <div class="field">
    44:       <%= item_form.label :nome %>
    45:       <%= item_form.text_field :nome %>
  
app/views/pedidos/new.html.erb:42
app/views/pedidos/new.html.erb:3
Started GET "/pedidos/new" for 127.0.0.1 at 2024-06-02 14:55:21 -0300
Processing by PedidosController#new as HTML
Completed 500 Internal Server Error in 33ms (ActiveRecord: 7.6ms | Allocations: 6923)


  
NameError (uninitialized constant Pedido::ItensPedido):
  
app/controllers/pedidos_controller.rb:13:in `new'
Started GET "/pedidos/new" for 127.0.0.1 at 2024-06-02 14:57:02 -0300
Processing by PedidosController#new as HTML
  Rendering layout layouts/application.html.erb
  Rendering pedidos/new.html.erb within layouts/application
  Rendered pedidos/new.html.erb within layouts/application (Duration: 14.1ms | Allocations: 8049)
  Rendered layout layouts/application.html.erb (Duration: 14.6ms | Allocations: 8130)
Completed 500 Internal Server Error in 54ms (ActiveRecord: 8.0ms | Allocations: 13542)


  
ActionView::Template::Error (uninitialized constant Pedido::ItensPedido):
    39:   </div>
    40: 
    41:   <h3>Itens do Pedido</h3>
    42:   <%= form.fields_for :itens_pedido do |item_form| %>
    43:     <div class="field">
    44:       <%= item_form.label :nome %>
    45:       <%= item_form.text_field :nome %>
  
app/views/pedidos/new.html.erb:42
app/views/pedidos/new.html.erb:3
Started GET "/pedidos/new" for 127.0.0.1 at 2024-06-02 14:57:07 -0300
Processing by PedidosController#new as HTML
  Rendering layout layouts/application.html.erb
  Rendering pedidos/new.html.erb within layouts/application
  Rendered pedidos/new.html.erb within layouts/application (Duration: 10.6ms | Allocations: 6579)
  Rendered layout layouts/application.html.erb (Duration: 11.3ms | Allocations: 6659)
Completed 500 Internal Server Error in 13ms (ActiveRecord: 0.0ms | Allocations: 7070)


  
ActionView::Template::Error (uninitialized constant Pedido::ItensPedido):
    39:   </div>
    40: 
    41:   <h3>Itens do Pedido</h3>
    42:   <%= form.fields_for :itens_pedido do |item_form| %>
    43:     <div class="field">
    44:       <%= item_form.label :nome %>
    45:       <%= item_form.text_field :nome %>
  
app/views/pedidos/new.html.erb:42
app/views/pedidos/new.html.erb:3
Started GET "/pedidos/new" for 127.0.0.1 at 2024-06-02 14:58:46 -0300
Processing by PedidosController#new as HTML
Completed 500 Internal Server Error in 36ms (ActiveRecord: 10.3ms | Allocations: 6923)


  
NameError (uninitialized constant Pedido::ItensPedido):
  
app/controllers/pedidos_controller.rb:13:in `new'
Started GET "/pedidos/new" for 127.0.0.1 at 2024-06-02 14:59:40 -0300
Processing by PedidosController#new as HTML
Completed 500 Internal Server Error in 31ms (ActiveRecord: 8.3ms | Allocations: 6923)


  
NameError (uninitialized constant Pedido::ItensPedido):
  
app/controllers/pedidos_controller.rb:13:in `new'
Started GET "/pedidos/new" for 127.0.0.1 at 2024-06-02 14:59:47 -0300
Processing by PedidosController#new as HTML
Completed 500 Internal Server Error in 23ms (ActiveRecord: 5.2ms | Allocations: 6961)


  
NameError (uninitialized constant Pedido::ItensPedido):
  
app/controllers/pedidos_controller.rb:13:in `new'
Started GET "/pedidos/new" for 127.0.0.1 at 2024-06-02 15:09:03 -0300
Processing by PedidosController#new as HTML
Completed 500 Internal Server Error in 94ms (ActiveRecord: 12.4ms | Allocations: 10721)


  
NameError (uninitialized constant Pedido::ItensPedido):
  
app/controllers/pedidos_controller.rb:13:in `new'
Started GET "/pedidos/new" for 127.0.0.1 at 2024-06-02 15:09:06 -0300
Processing by PedidosController#new as HTML
Completed 500 Internal Server Error in 4ms (ActiveRecord: 0.0ms | Allocations: 1221)


  
NameError (uninitialized constant Pedido::ItensPedido):
  
app/controllers/pedidos_controller.rb:13:in `new'
Started GET "/" for 127.0.0.1 at 2024-06-02 15:13:14 -0300
  [1m[35m (1.3ms)[0m  [1m[34mSELECT "schema_migrations"."version" FROM "schema_migrations" ORDER BY "schema_migrations"."version" ASC[0m
Processing by PedidosController#index as HTML
  Rendering layout layouts/application.html.erb
  Rendering pedidos/index.html.erb within layouts/application
  [1m[36mPedido Load (1.1ms)[0m  [1m[34mSELECT "pedidos".* FROM "pedidos"[0m
  ↳ app/views/pedidos/index.html.erb:16
  Rendered pedidos/index.html.erb within layouts/application (Duration: 5.3ms | Allocations: 1387)
  Rendered layout layouts/application.html.erb (Duration: 211.1ms | Allocations: 276102)
Completed 200 OK in 256ms (Views: 216.4ms | ActiveRecord: 1.1ms | Allocations: 280991)


Started GET "/pedidos/new" for 127.0.0.1 at 2024-06-02 15:13:18 -0300
Processing by PedidosController#new as HTML
Completed 500 Internal Server Error in 62ms (ActiveRecord: 17.0ms | Allocations: 7870)


  
ActiveRecord::StatementInvalid (PG::UndefinedTable: ERROR:  relation "itens_pedidos" does not exist
LINE 8:  WHERE a.attrelid = '"itens_pedidos"'::regclass
                            ^
):
  
app/controllers/pedidos_controller.rb:13:in `new'
Started GET "/pedidos/new" for 127.0.0.1 at 2024-06-02 15:16:05 -0300
  [1m[35m (1.3ms)[0m  [1m[34mSELECT "schema_migrations"."version" FROM "schema_migrations" ORDER BY "schema_migrations"."version" ASC[0m
Processing by PedidosController#new as HTML
Completed 500 Internal Server Error in 97ms (ActiveRecord: 9.0ms | Allocations: 9999)


  
NameError (uninitialized constant Pedido::ItensPedido):
  
app/controllers/pedidos_controller.rb:13:in `new'
  [1m[35m (1.8ms)[0m  [1m[34mSELECT "schema_migrations"."version" FROM "schema_migrations" ORDER BY "schema_migrations"."version" ASC[0m
  [1m[35m (1.3ms)[0m  [1m[34mSELECT "schema_migrations"."version" FROM "schema_migrations" ORDER BY "schema_migrations"."version" ASC[0m
  [1m[35m (1.2ms)[0m  [1m[34mSELECT "schema_migrations"."version" FROM "schema_migrations" ORDER BY "schema_migrations"."version" ASC[0m
  [1m[35m (0.9ms)[0m  [1m[34mSELECT pg_try_advisory_lock(337687402065808410)[0m
  [1m[35m (1.2ms)[0m  [1m[34mSELECT "schema_migrations"."version" FROM "schema_migrations" ORDER BY "schema_migrations"."version" ASC[0m
Migrating to CreateItemPedidos (20240602172834)
  [1m[36mTRANSACTION (1.2ms)[0m  [1m[35mBEGIN[0m
  [1m[35m (5.2ms)[0m  [1m[35mDROP TABLE "item_pedidos"[0m
  [1m[36mActiveRecord::SchemaMigration Destroy (2.2ms)[0m  [1m[31mDELETE FROM "schema_migrations" WHERE "schema_migrations"."version" = $1[0m  [["version", "20240602172834"]]
  [1m[36mTRANSACTION (4.3ms)[0m  [1m[35mCOMMIT[0m
  [1m[35m (0.7ms)[0m  [1m[34mSELECT pg_advisory_unlock(337687402065808410)[0m
  [1m[35m (1.1ms)[0m  [1m[34mSELECT "schema_migrations"."version" FROM "schema_migrations" ORDER BY "schema_migrations"."version" ASC[0m
  [1m[35m (3.0ms)[0m  [1m[35mCREATE DATABASE "pedidoapp_development" ENCODING = 'unicode'[0m
  [1m[35m (2.0ms)[0m  [1m[35mCREATE DATABASE "pedidoapp_test" ENCODING = 'unicode'[0m
  [1m[35m (0.5ms)[0m  [1m[34mSELECT pg_try_advisory_lock(337687402065808410)[0m
  [1m[35m (1.2ms)[0m  [1m[34mSELECT "schema_migrations"."version" FROM "schema_migrations" ORDER BY "schema_migrations"."version" ASC[0m
Migrating to CreateItemPedidos (20240602172834)
  [1m[36mTRANSACTION (0.5ms)[0m  [1m[35mBEGIN[0m
  [1m[35m (15.9ms)[0m  [1m[35mCREATE TABLE "itens_pedidos" ("id" bigserial primary key, "pedido_id" bigint NOT NULL, "nome" character varying, "quantidade" integer, "preco" decimal, "created_at" timestamp(6) NOT NULL, "updated_at" timestamp(6) NOT NULL, CONSTRAINT "fk_rails_0242093e61"
FOREIGN KEY ("pedido_id")
  REFERENCES "pedidos" ("id")
)[0m
  [1m[35m (6.8ms)[0m  [1m[35mCREATE INDEX "index_itens_pedidos_on_pedido_id" ON "itens_pedidos" ("pedido_id")[0m
  [1m[36mActiveRecord::SchemaMigration Create (0.7ms)[0m  [1m[32mINSERT INTO "schema_migrations" ("version") VALUES ($1) RETURNING "version"[0m  [["version", "20240602172834"]]
  [1m[36mTRANSACTION (2.2ms)[0m  [1m[35mCOMMIT[0m
  [1m[36mActiveRecord::InternalMetadata Load (0.6ms)[0m  [1m[34mSELECT "ar_internal_metadata".* FROM "ar_internal_metadata" WHERE "ar_internal_metadata"."key" = $1 LIMIT $2[0m  [["key", "environment"], ["LIMIT", 1]]
  [1m[35m (0.6ms)[0m  [1m[34mSELECT pg_advisory_unlock(337687402065808410)[0m
  [1m[35m (8.3ms)[0m  [1m[34mSELECT "schema_migrations"."version" FROM "schema_migrations" ORDER BY "schema_migrations"."version" ASC[0m
Started GET "/" for 127.0.0.1 at 2024-06-02 15:23:32 -0300
  [1m[35m (1.7ms)[0m  [1m[34mSELECT "schema_migrations"."version" FROM "schema_migrations" ORDER BY "schema_migrations"."version" ASC[0m
Processing by PedidosController#index as HTML
  Rendering layout layouts/application.html.erb
  Rendering pedidos/index.html.erb within layouts/application
  [1m[36mPedido Load (2.5ms)[0m  [1m[34mSELECT "pedidos".* FROM "pedidos"[0m
  ↳ app/views/pedidos/index.html.erb:16
  Rendered pedidos/index.html.erb within layouts/application (Duration: 40.6ms | Allocations: 1387)
  Rendered layout layouts/application.html.erb (Duration: 847.2ms | Allocations: 276108)
Completed 200 OK in 1280ms (Views: 914.3ms | ActiveRecord: 2.5ms | Allocations: 281051)


Started GET "/pedidos/new" for 127.0.0.1 at 2024-06-02 15:23:37 -0300
Processing by PedidosController#new as HTML
Completed 500 Internal Server Error in 31ms (ActiveRecord: 7.5ms | Allocations: 7140)


  
NameError (uninitialized constant Pedido::ItensPedido):
  
app/controllers/pedidos_controller.rb:13:in `new'
Started GET "/pedidos/new" for 127.0.0.1 at 2024-06-02 15:37:55 -0300
  [1m[35m (1.4ms)[0m  [1m[34mSELECT "schema_migrations"."version" FROM "schema_migrations" ORDER BY "schema_migrations"."version" ASC[0m
Processing by PedidosController#new as HTML
Completed 500 Internal Server Error in 212ms (ActiveRecord: 6.5ms | Allocations: 9977)


  
NameError (uninitialized constant Pedido::ItensPedido):
  
app/controllers/pedidos_controller.rb:13:in `new'
Started GET "/" for 127.0.0.1 at 2024-06-02 15:37:59 -0300
Processing by PedidosController#index as HTML
  Rendering layout layouts/application.html.erb
  Rendering pedidos/index.html.erb within layouts/application
  [1m[36mPedido Load (0.7ms)[0m  [1m[34mSELECT "pedidos".* FROM "pedidos"[0m
  ↳ app/views/pedidos/index.html.erb:16
  Rendered pedidos/index.html.erb within layouts/application (Duration: 6.2ms | Allocations: 1122)
  Rendered layout layouts/application.html.erb (Duration: 327.7ms | Allocations: 275815)
Completed 200 OK in 336ms (Views: 332.2ms | ActiveRecord: 0.7ms | Allocations: 277295)


  [1m[35m (0.8ms)[0m  [1m[34mSELECT pg_try_advisory_lock(337687402065808410)[0m
  [1m[35m (1.7ms)[0m  [1m[34mSELECT "schema_migrations"."version" FROM "schema_migrations" ORDER BY "schema_migrations"."version" ASC[0m
Migrating to CreatePosts (20240602183900)
  [1m[36mTRANSACTION (1.4ms)[0m  [1m[35mBEGIN[0m
  [1m[35m (14.4ms)[0m  [1m[35mCREATE TABLE "posts" ("id" bigserial primary key, "title" character varying, "content" text, "created_at" timestamp(6) NOT NULL, "updated_at" timestamp(6) NOT NULL)[0m
  [1m[36mActiveRecord::SchemaMigration Create (0.8ms)[0m  [1m[32mINSERT INTO "schema_migrations" ("version") VALUES ($1) RETURNING "version"[0m  [["version", "20240602183900"]]
  [1m[36mTRANSACTION (2.6ms)[0m  [1m[35mCOMMIT[0m
  [1m[36mActiveRecord::InternalMetadata Load (4.1ms)[0m  [1m[34mSELECT "ar_internal_metadata".* FROM "ar_internal_metadata" WHERE "ar_internal_metadata"."key" = $1 LIMIT $2[0m  [["key", "environment"], ["LIMIT", 1]]
  [1m[35m (0.7ms)[0m  [1m[34mSELECT pg_advisory_unlock(337687402065808410)[0m
  [1m[35m (5.4ms)[0m  [1m[34mSELECT "schema_migrations"."version" FROM "schema_migrations" ORDER BY "schema_migrations"."version" ASC[0m
Started GET "/posts" for 127.0.0.1 at 2024-06-02 15:39:34 -0300
  [1m[35m (1.0ms)[0m  [1m[34mSELECT "schema_migrations"."version" FROM "schema_migrations" ORDER BY "schema_migrations"."version" ASC[0m
Processing by PostsController#index as HTML
  Rendering layout layouts/application.html.erb
  Rendering posts/index.html.erb within layouts/application
  [1m[36mPost Load (0.9ms)[0m  [1m[34mSELECT "posts".* FROM "posts"[0m
  ↳ app/views/posts/index.html.erb:15
  Rendered posts/index.html.erb within layouts/application (Duration: 4.4ms | Allocations: 987)
  Rendered layout layouts/application.html.erb (Duration: 46.1ms | Allocations: 8892)
Completed 200 OK in 54ms (Views: 48.6ms | ActiveRecord: 0.9ms | Allocations: 10590)


Started GET "/posts/new" for 127.0.0.1 at 2024-06-02 15:39:37 -0300
Processing by PostsController#new as HTML
  Rendering layout layouts/application.html.erb
  Rendering posts/new.html.erb within layouts/application
  Rendered posts/_form.html.erb (Duration: 14.4ms | Allocations: 2870)
  Rendered posts/new.html.erb within layouts/application (Duration: 16.2ms | Allocations: 3214)
  Rendered layout layouts/application.html.erb (Duration: 24.3ms | Allocations: 7193)
Completed 200 OK in 41ms (Views: 25.2ms | ActiveRecord: 5.9ms | Allocations: 10214)


Started POST "/posts" for 127.0.0.1 at 2024-06-02 15:40:03 -0300
Processing by PostsController#create as HTML
  Parameters: {"authenticity_token"=>"[FILTERED]", "post"=>{"title"=>"teste-pedido-tile", "content"=>"teste-pedido-conteudo"}, "commit"=>"Create Post"}
  [1m[36mTRANSACTION (0.5ms)[0m  [1m[35mBEGIN[0m
  ↳ app/controllers/posts_controller.rb:30:in `block in create'
  [1m[36mPost Create (1.4ms)[0m  [1m[32mINSERT INTO "posts" ("title", "content", "created_at", "updated_at") VALUES ($1, $2, $3, $4) RETURNING "id"[0m  [["title", "teste-pedido-tile"], ["content", "teste-pedido-conteudo"], ["created_at", "2024-06-02 18:40:03.142880"], ["updated_at", "2024-06-02 18:40:03.142880"]]
  ↳ app/controllers/posts_controller.rb:30:in `block in create'
  [1m[36mTRANSACTION (1.1ms)[0m  [1m[35mCOMMIT[0m
  ↳ app/controllers/posts_controller.rb:30:in `block in create'
Redirected to http://localhost:3000/posts/1
Completed 302 Found in 17ms (ActiveRecord: 3.1ms | Allocations: 3261)


Started GET "/posts/1" for 127.0.0.1 at 2024-06-02 15:40:03 -0300
Processing by PostsController#show as HTML
  Parameters: {"id"=>"1"}
  [1m[36mPost Load (0.9ms)[0m  [1m[34mSELECT "posts".* FROM "posts" WHERE "posts"."id" = $1 LIMIT $2[0m  [["id", 1], ["LIMIT", 1]]
  ↳ app/controllers/posts_controller.rb:67:in `set_post'
  Rendering layout layouts/application.html.erb
  Rendering posts/show.html.erb within layouts/application
  Rendered posts/show.html.erb within layouts/application (Duration: 1.3ms | Allocations: 273)
  Rendered layout layouts/application.html.erb (Duration: 10.7ms | Allocations: 4231)
Completed 200 OK in 22ms (Views: 11.6ms | ActiveRecord: 1.3ms | Allocations: 5917)


Started GET "/posts" for 127.0.0.1 at 2024-06-02 15:40:09 -0300
Processing by PostsController#index as HTML
  Rendering layout layouts/application.html.erb
  Rendering posts/index.html.erb within layouts/application
  [1m[36mPost Load (1.0ms)[0m  [1m[34mSELECT "posts".* FROM "posts"[0m
  ↳ app/views/posts/index.html.erb:15
  Rendered posts/index.html.erb within layouts/application (Duration: 7.3ms | Allocations: 767)
  Rendered layout layouts/application.html.erb (Duration: 21.2ms | Allocations: 4725)
Completed 200 OK in 24ms (Views: 21.6ms | ActiveRecord: 1.0ms | Allocations: 5188)


Started GET "/gets" for 127.0.0.1 at 2024-06-02 15:40:16 -0300
  
ActionController::RoutingError (No route matches [GET] "/gets"):
  
Started GET "/" for 127.0.0.1 at 2024-06-02 15:40:25 -0300
Processing by PedidosController#index as HTML
  Rendering layout layouts/application.html.erb
  Rendering pedidos/index.html.erb within layouts/application
  [1m[36mPedido Load (0.5ms)[0m  [1m[34mSELECT "pedidos".* FROM "pedidos"[0m
  ↳ app/views/pedidos/index.html.erb:16
  Rendered pedidos/index.html.erb within layouts/application (Duration: 4.0ms | Allocations: 940)
  Rendered layout layouts/application.html.erb (Duration: 14.1ms | Allocations: 4997)
Completed 200 OK in 25ms (Views: 17.2ms | ActiveRecord: 0.5ms | Allocations: 6927)


Started GET "/pedidos/new" for 127.0.0.1 at 2024-06-02 15:40:30 -0300
Processing by PedidosController#new as HTML
Completed 500 Internal Server Error in 24ms (ActiveRecord: 5.4ms | Allocations: 5880)


  
NameError (uninitialized constant Pedido::ItensPedido):
  
app/controllers/pedidos_controller.rb:13:in `new'
Started GET "/posts/1" for 127.0.0.1 at 2024-06-02 15:40:36 -0300
Processing by PostsController#show as HTML
  Parameters: {"id"=>"1"}
  [1m[36mPost Load (0.7ms)[0m  [1m[34mSELECT "posts".* FROM "posts" WHERE "posts"."id" = $1 LIMIT $2[0m  [["id", 1], ["LIMIT", 1]]
  ↳ app/controllers/posts_controller.rb:67:in `set_post'
  Rendering layout layouts/application.html.erb
  Rendering posts/show.html.erb within layouts/application
  Rendered posts/show.html.erb within layouts/application (Duration: 0.9ms | Allocations: 88)
  Rendered layout layouts/application.html.erb (Duration: 13.6ms | Allocations: 4076)
Completed 200 OK in 22ms (Views: 15.1ms | ActiveRecord: 0.7ms | Allocations: 5025)


Started GET "/" for 127.0.0.1 at 2024-06-02 15:40:48 -0300
Processing by PedidosController#index as HTML
  Rendering layout layouts/application.html.erb
  Rendering pedidos/index.html.erb within layouts/application
  [1m[36mPedido Load (0.5ms)[0m  [1m[34mSELECT "pedidos".* FROM "pedidos"[0m
  ↳ app/views/pedidos/index.html.erb:16
  Rendered pedidos/index.html.erb within layouts/application (Duration: 3.5ms | Allocations: 585)
  Rendered layout layouts/application.html.erb (Duration: 19.4ms | Allocations: 4542)
Completed 200 OK in 22ms (Views: 20.2ms | ActiveRecord: 0.5ms | Allocations: 4980)


Started GET "/pedidos/new" for 127.0.0.1 at 2024-06-02 15:40:53 -0300
Processing by PedidosController#new as HTML
Completed 500 Internal Server Error in 3ms (ActiveRecord: 0.0ms | Allocations: 1223)


  
NameError (uninitialized constant Pedido::ItensPedido):
  
app/controllers/pedidos_controller.rb:13:in `new'
Started GET "/" for 127.0.0.1 at 2024-06-02 21:33:35 -0300
  [1m[35m (3.6ms)[0m  [1m[34mSELECT "schema_migrations"."version" FROM "schema_migrations" ORDER BY "schema_migrations"."version" ASC[0m
Processing by PedidosController#index as HTML
  Rendering layout layouts/application.html.erb
  Rendering pedidos/index.html.erb within layouts/application
  [1m[36mPedido Load (3.3ms)[0m  [1m[34mSELECT "pedidos".* FROM "pedidos"[0m
  ↳ app/views/pedidos/index.html.erb:16
  Rendered pedidos/index.html.erb within layouts/application (Duration: 23.1ms | Allocations: 1387)
  Rendered layout layouts/application.html.erb (Duration: 339.1ms | Allocations: 279779)
Completed 200 OK in 414ms (Views: 355.1ms | ActiveRecord: 3.3ms | Allocations: 284519)


Started GET "/pedidos/new" for 127.0.0.1 at 2024-06-02 21:33:40 -0300
Processing by PedidosController#new as HTML
Completed 500 Internal Server Error in 57ms (ActiveRecord: 24.4ms | Allocations: 7196)


  
NameError (uninitialized constant Pedido::ItensPedido):
  
app/controllers/pedidos_controller.rb:13:in `new'
Started GET "/" for 127.0.0.1 at 2024-06-03 00:21:50 -0300
Started GET "/" for 127.0.0.1 at 2024-06-03 00:21:50 -0300
  [1m[35m (7.5ms)[0m  [1m[34mSELECT "schema_migrations"."version" FROM "schema_migrations" ORDER BY "schema_migrations"."version" ASC[0m
Processing by PedidosController#index as HTML
Processing by PedidosController#index as HTML
  Rendering layout layouts/application.html.erb
  Rendering layout layouts/application.html.erb
  Rendering pedidos/index.html.erb within layouts/application
  Rendering pedidos/index.html.erb within layouts/application
  [1m[36mPedido Load (6.9ms)[0m  [1m[34mSELECT "pedidos".* FROM "pedidos"[0m
  ↳ app/views/pedidos/index.html.erb:16
  Rendered pedidos/index.html.erb within layouts/application (Duration: 25.5ms | Allocations: 2475)
  [1m[36mPedido Load (2.1ms)[0m  [1m[34mSELECT "pedidos".* FROM "pedidos"[0m
  ↳ app/views/pedidos/index.html.erb:16
  Rendered pedidos/index.html.erb within layouts/application (Duration: 406.2ms | Allocations: 281438)
  Rendered layout layouts/application.html.erb (Duration: 421.2ms | Allocations: 285419)
Completed 200 OK in 498ms (Views: 440.1ms | ActiveRecord: 6.9ms | Allocations: 291400)


  Rendered layout layouts/application.html.erb (Duration: 436.8ms | Allocations: 288085)
Completed 200 OK in 509ms (Views: 446.8ms | ActiveRecord: 11.7ms | Allocations: 293135)


Started GET "/pedidos/new" for 127.0.0.1 at 2024-06-03 00:21:59 -0300
Processing by PedidosController#new as HTML
Completed 500 Internal Server Error in 131ms (ActiveRecord: 47.3ms | Allocations: 7201)


  
NameError (uninitialized constant Pedido::ItensPedido):
  
app/controllers/pedidos_controller.rb:13:in `new'
Started GET "/" for 127.0.0.1 at 2024-06-03 00:24:30 -0300
  [1m[35m (1.2ms)[0m  [1m[34mSELECT "schema_migrations"."version" FROM "schema_migrations" ORDER BY "schema_migrations"."version" ASC[0m
Processing by PedidosController#index as HTML
  Rendering layout layouts/application.html.erb
  Rendering pedidos/index.html.erb within layouts/application
  [1m[36mPedido Load (1.8ms)[0m  [1m[34mSELECT "pedidos".* FROM "pedidos"[0m
  ↳ app/views/pedidos/index.html.erb:16
  Rendered pedidos/index.html.erb within layouts/application (Duration: 20.9ms | Allocations: 1387)
  Rendered layout layouts/application.html.erb (Duration: 367.8ms | Allocations: 278199)
Completed 200 OK in 434ms (Views: 372.0ms | ActiveRecord: 1.8ms | Allocations: 282993)


Started GET "/pedidos/new" for 127.0.0.1 at 2024-06-03 00:24:37 -0300
Processing by PedidosController#new as HTML
Completed 500 Internal Server Error in 132ms (ActiveRecord: 17.2ms | Allocations: 7202)


  
NameError (uninitialized constant Pedido::ItensPedido):
  
app/controllers/pedidos_controller.rb:13:in `new'
